#
# A fatal error has been detected by the Java Runtime Environment:
#
#  SIGSEGV (0xb) at pc=0x000000010c147c80, pid=25074, tid=0x0000000000000103
#
# JRE version: Java(TM) SE Runtime Environment (8.0_202-b08) (build 1.8.0_202-b08)
# Java VM: Java HotSpot(TM) 64-Bit Server VM (25.202-b08 mixed mode bsd-amd64 compressed oops)
# Problematic frame:
# J 2662 C2 application.controller.ViewDataController.goToHome()V (5 bytes) @ 0x000000010c147c80 [0x000000010c147c60+0x20]
#
# Failed to write core dump. Core dumps have been disabled. To enable core dumping, try "ulimit -c unlimited" before starting Java again
#
# If you would like to submit a bug report, please visit:
#   http://bugreport.java.com/bugreport/crash.jsp
#

---------------  T H R E A D  ---------------

Current thread (0x00007fddcf23d000):  JavaThread "JavaFX Application Thread" [_thread_in_Java, id=259, stack(0x0000000304568000,0x0000000304d68000)]

siginfo: si_signo: 11 (SIGSEGV), si_code: 1 (SEGV_MAPERR), si_addr: 0x000000030456bff8

Registers:
RAX=0x000000010c147c80, RBX=0x000000012e082048, RCX=0x000000076abc4378, RDX=0x000000012e0822d8
RSP=0x000000030457fff8, RBP=0x0000000304d1c018, RSI=0x000000076abc4378, RDI=0x000000076abc4378
R8 =0x0000000000000000, R9 =0x00007fddcf23d000, R10=0x000000010a388820, R11=0x000000010c144be0
R12=0x0000000000000000, R13=0x0000000304d1bfd0, R14=0x000000012e0822d8, R15=0x00007fddcf23d000
RIP=0x000000010c147c80, EFLAGS=0x0000000000000206, ERR=0x0000000000000006
  TRAPNO=0x000000000000000e

Top of Stack: (sp=0x000000030457fff8)
0x000000030457fff8:   000000010c147c94 0000000000000000
0x0000000304580008:   0000000000000000 0000000304d1c018
0x0000000304580018:   000000010c147c94 0000000000000000
0x0000000304580028:   0000000000000000 0000000304d1c018
0x0000000304580038:   000000010c147c94 0000000000000000
0x0000000304580048:   0000000000000000 0000000304d1c018
0x0000000304580058:   000000010c147c94 0000000000000000
0x0000000304580068:   0000000000000000 0000000304d1c018
0x0000000304580078:   000000010c147c94 0000000000000000
0x0000000304580088:   0000000000000000 0000000304d1c018
0x0000000304580098:   000000010c147c94 0000000000000000
0x00000003045800a8:   0000000000000000 0000000304d1c018
0x00000003045800b8:   000000010c147c94 0000000000000000
0x00000003045800c8:   0000000000000000 0000000304d1c018
0x00000003045800d8:   000000010c147c94 0000000000000000
0x00000003045800e8:   0000000000000000 0000000304d1c018
0x00000003045800f8:   000000010c147c94 0000000000000000
0x0000000304580108:   0000000000000000 0000000304d1c018
0x0000000304580118:   000000010c147c94 0000000000000000
0x0000000304580128:   0000000000000000 0000000304d1c018
0x0000000304580138:   000000010c147c94 0000000000000000
0x0000000304580148:   0000000000000000 0000000304d1c018
0x0000000304580158:   000000010c147c94 0000000000000000
0x0000000304580168:   0000000000000000 0000000304d1c018
0x0000000304580178:   000000010c147c94 0000000000000000
0x0000000304580188:   0000000000000000 0000000304d1c018
0x0000000304580198:   000000010c147c94 0000000000000000
0x00000003045801a8:   0000000000000000 0000000304d1c018
0x00000003045801b8:   000000010c147c94 0000000000000000
0x00000003045801c8:   0000000000000000 0000000304d1c018
0x00000003045801d8:   000000010c147c94 0000000000000000
0x00000003045801e8:   0000000000000000 0000000304d1c018 

Instructions: (pc=0x000000010c147c80)
0x000000010c147c60:   44 8b 56 08 49 c1 e2 03 49 3b c2 0f 85 ef 01 84
0x000000010c147c70:   ff 66 66 90 0f 1f 84 00 00 00 00 00 66 66 66 90
0x000000010c147c80:   89 84 24 00 c0 fe ff 55 48 83 ec 10 66 66 90 e8
0x000000010c147c90:   ec ff ff ff 48 83 c4 10 5d 85 05 61 a3 9c fc c3 

Register to memory mapping:

RAX=0x000000010c147c80 is at entry_point+32 in (nmethod*)0x000000010c147b10
RBX={method} {0x000000012e082048} 'goToHome' '()V' in 'application/controller/ViewDataController'
RCX=0x000000076abc4378 is an oop
application.controller.ViewDataController 
 - klass: 'application/controller/ViewDataController'
RDX=0x000000012e0822d8 is pointing into metadata
RSP=0x000000030457fff8 is pointing into the stack for thread: 0x00007fddcf23d000
RBP=0x0000000304d1c018 is pointing into the stack for thread: 0x00007fddcf23d000
RSI=0x000000076abc4378 is an oop
application.controller.ViewDataController 
 - klass: 'application/controller/ViewDataController'
RDI=0x000000076abc4378 is an oop
application.controller.ViewDataController 
 - klass: 'application/controller/ViewDataController'
R8 =0x0000000000000000 is an unknown value
R9 =0x00007fddcf23d000 is a thread
R10=0x000000010a388820: _ZN19TemplateInterpreter20_invoke_return_entryE+0 in /Library/Internet Plug-Ins/JavaAppletPlugin.plugin/Contents/Home/lib/server/libjvm.dylib at 0x0000000109a8b000
R11=0x000000010c144be0 is at entry_point+32 in (nmethod*)0x000000010c144a50
R12=0x0000000000000000 is an unknown value
R13=0x0000000304d1bfd0 is pointing into the stack for thread: 0x00007fddcf23d000
R14=0x000000012e0822d8 is pointing into metadata
R15=0x00007fddcf23d000 is a thread


Stack: [0x0000000304568000,0x0000000304d68000],  sp=0x000000030457fff8,  free space=95k
Native frames: (J=compiled Java code, j=interpreted, Vv=VM code, C=native code)
J 2662 C2 application.controller.ViewDataController.goToHome()V (5 bytes) @ 0x000000010c147c80 [0x000000010c147c60+0x20]
C  0x0000000304d1c018


---------------  P R O C E S S  ---------------

Java Threads: ( => current thread )
  0x00007fddcf397000 JavaThread "Prism Font Disposer" daemon [_thread_blocked, id=57615, stack(0x00000003066cb000,0x00000003067cb000)]
  0x00007fddcf2b8800 JavaThread "JavaFX-Launcher" [_thread_blocked, id=75055, stack(0x00000003065c8000,0x00000003066c8000)]
  0x00007fddcd894800 JavaThread "Thread-3" daemon [_thread_in_native, id=46339, stack(0x00000003064c2000,0x0000000306542000)]
=>0x00007fddcf23d000 JavaThread "JavaFX Application Thread" [_thread_in_Java, id=259, stack(0x0000000304568000,0x0000000304d68000)]
  0x00007fddce124800 JavaThread "Thread-1" daemon [_thread_blocked, id=34371, stack(0x00000003063bf000,0x00000003064bf000)]
  0x00007fddcf1f9800 JavaThread "QuantumRenderer-0" daemon [_thread_blocked, id=40943, stack(0x0000000306234000,0x0000000306334000)]
  0x00007fddce069000 JavaThread "Service Thread" daemon [_thread_blocked, id=41735, stack(0x000000030602e000,0x000000030612e000)]
  0x00007fddcf00f000 JavaThread "C1 CompilerThread3" daemon [_thread_blocked, id=22019, stack(0x0000000305f2b000,0x000000030602b000)]
  0x00007fddad808800 JavaThread "C2 CompilerThread2" daemon [_thread_blocked, id=42755, stack(0x0000000305e28000,0x0000000305f28000)]
  0x00007fddce01d000 JavaThread "C2 CompilerThread1" daemon [_thread_blocked, id=43267, stack(0x0000000305d25000,0x0000000305e25000)]
  0x00007fddcd844800 JavaThread "C2 CompilerThread0" daemon [_thread_blocked, id=15875, stack(0x0000000305c22000,0x0000000305d22000)]
  0x00007fddcd844000 JavaThread "Signal Dispatcher" daemon [_thread_blocked, id=15619, stack(0x0000000305b1f000,0x0000000305c1f000)]
  0x00007fddcf008800 JavaThread "Finalizer" daemon [_thread_blocked, id=13599, stack(0x000000030590d000,0x0000000305a0d000)]
  0x00007fddcd841800 JavaThread "Reference Handler" daemon [_thread_blocked, id=18723, stack(0x000000030580a000,0x000000030590a000)]
  0x00007fddcf80b800 JavaThread "main" [_thread_blocked, id=6147, stack(0x0000000304dec000,0x0000000304eec000)]

Other Threads:
  0x00007fddcd841000 VMThread [stack: 0x0000000305707000,0x0000000305807000] [id=19203]
  0x00007fddce07c800 WatcherThread [stack: 0x0000000306131000,0x0000000306231000] [id=41223]

VM state:not at safepoint (normal execution)

VM Mutex/Monitor currently owned by a thread: None

heap address: 0x00000006c0000000, size: 4096 MB, Compressed Oops mode: Zero based, Oop shift amount: 3
Narrow klass base: 0x0000000000000000, Narrow klass shift: 3
Compressed class space size: 1073741824 Address: 0x00000007c0000000

Heap:
 PSYoungGen      total 76288K, used 10599K [0x000000076ab00000, 0x0000000770000000, 0x00000007c0000000)
  eden space 65536K, 16% used [0x000000076ab00000,0x000000076b559cd8,0x000000076eb00000)
  from space 10752K, 0% used [0x000000076eb00000,0x000000076eb00000,0x000000076f580000)
  to   space 10752K, 0% used [0x000000076f580000,0x000000076f580000,0x0000000770000000)
 ParOldGen       total 95744K, used 8699K [0x00000006c0000000, 0x00000006c5d80000, 0x000000076ab00000)
  object space 95744K, 9% used [0x00000006c0000000,0x00000006c087ed70,0x00000006c5d80000)
 Metaspace       used 21504K, capacity 22884K, committed 23168K, reserved 1069056K
  class space    used 3041K, capacity 3339K, committed 3456K, reserved 1048576K

Card table byte_map: [0x0000000108fe9000,0x00000001097ea000] byte_map_base: 0x00000001059e9000

Marking Bits: (ParMarkBitMap*) 0x000000010a386e40
 Begin Bits: [0x000000011ae98000, 0x000000011ee98000)
 End Bits:   [0x000000011ee98000, 0x0000000122e98000)

Polling page: 0x0000000108b12000

CodeCache: size=245760Kb used=8188Kb max_used=8199Kb free=237571Kb
 bounds [0x000000010b942000, 0x000000010c152000, 0x000000011a942000]
 total_blobs=3355 nmethods=2661 adapters=608
 compilation: enabled

Compilation events (10 events):
Event: 7.161 Thread 0x00007fddcf00f000 2658       3       com.sun.prism.impl.ps.BaseShaderGraphics::len (39 bytes)
Event: 7.162 Thread 0x00007fddcf00f000 nmethod 2658 0x000000010c143b90 code [0x000000010c143d00, 0x000000010c144110]
Event: 7.162 Thread 0x00007fddcf00f000 2659       3       java.lang.Math::signum (23 bytes)
Event: 7.162 Thread 0x00007fddcf00f000 nmethod 2659 0x000000010c1441d0 code [0x000000010c144340, 0x000000010c1446b0]
Event: 7.212 Thread 0x00007fddcf00f000 2660       1       com.sun.scenario.animation.AbstractMasterTimer::access$200 (5 bytes)
Event: 7.213 Thread 0x00007fddcf00f000 nmethod 2660 0x000000010c144790 code [0x000000010c1448e0, 0x000000010c1449d0]
Event: 7.243 Thread 0x00007fddcf00f000 2661       3       application.controller.ViewDataController::goToHome (5 bytes)
Event: 7.243 Thread 0x00007fddcf00f000 nmethod 2661 0x000000010c144a50 code [0x000000010c144bc0, 0x000000010c144da8]
Event: 7.243 Thread 0x00007fddce01d000 2662       4       application.controller.ViewDataController::goToHome (5 bytes)
Event: 7.245 Thread 0x00007fddce01d000 nmethod 2662 0x000000010c147b10 code [0x000000010c147c60, 0x000000010c147ce8]

GC Heap History (4 events):
Event: 4.893 GC heap before
{Heap before GC invocations=1 (full 0):
 PSYoungGen      total 76288K, used 53591K [0x000000076ab00000, 0x0000000770000000, 0x00000007c0000000)
  eden space 65536K, 81% used [0x000000076ab00000,0x000000076df55d60,0x000000076eb00000)
  from space 10752K, 0% used [0x000000076f580000,0x000000076f580000,0x0000000770000000)
  to   space 10752K, 0% used [0x000000076eb00000,0x000000076eb00000,0x000000076f580000)
 ParOldGen       total 175104K, used 0K [0x00000006c0000000, 0x00000006cab00000, 0x000000076ab00000)
  object space 175104K, 0% used [0x00000006c0000000,0x00000006c0000000,0x00000006cab00000)
 Metaspace       used 20127K, capacity 21178K, committed 21296K, reserved 1067008K
  class space    used 2835K, capacity 3092K, committed 3200K, reserved 1048576K
Event: 4.933 GC heap after
Heap after GC invocations=1 (full 0):
 PSYoungGen      total 76288K, used 8940K [0x000000076ab00000, 0x0000000770000000, 0x00000007c0000000)
  eden space 65536K, 0% used [0x000000076ab00000,0x000000076ab00000,0x000000076eb00000)
  from space 10752K, 83% used [0x000000076eb00000,0x000000076f3bb1c0,0x000000076f580000)
  to   space 10752K, 0% used [0x000000076f580000,0x000000076f580000,0x0000000770000000)
 ParOldGen       total 175104K, used 8K [0x00000006c0000000, 0x00000006cab00000, 0x000000076ab00000)
  object space 175104K, 0% used [0x00000006c0000000,0x00000006c0002000,0x00000006cab00000)
 Metaspace       used 20127K, capacity 21178K, committed 21296K, reserved 1067008K
  class space    used 2835K, capacity 3092K, committed 3200K, reserved 1048576K
}
Event: 4.934 GC heap before
{Heap before GC invocations=2 (full 1):
 PSYoungGen      total 76288K, used 8940K [0x000000076ab00000, 0x0000000770000000, 0x00000007c0000000)
  eden space 65536K, 0% used [0x000000076ab00000,0x000000076ab00000,0x000000076eb00000)
  from space 10752K, 83% used [0x000000076eb00000,0x000000076f3bb1c0,0x000000076f580000)
  to   space 10752K, 0% used [0x000000076f580000,0x000000076f580000,0x0000000770000000)
 ParOldGen       total 175104K, used 8K [0x00000006c0000000, 0x00000006cab00000, 0x000000076ab00000)
  object space 175104K, 0% used [0x00000006c0000000,0x00000006c0002000,0x00000006cab00000)
 Metaspace       used 20127K, capacity 21178K, committed 21296K, reserved 1067008K
  class space    used 2835K, capacity 3092K, committed 3200K, reserved 1048576K
Event: 4.952 GC heap after
Heap after GC invocations=2 (full 1):
 PSYoungGen      total 76288K, used 0K [0x000000076ab00000, 0x0000000770000000, 0x00000007c0000000)
  eden space 65536K, 0% used [0x000000076ab00000,0x000000076ab00000,0x000000076eb00000)
  from space 10752K, 0% used [0x000000076eb00000,0x000000076eb00000,0x000000076f580000)
  to   space 10752K, 0% used [0x000000076f580000,0x000000076f580000,0x0000000770000000)
 ParOldGen       total 95744K, used 8699K [0x00000006c0000000, 0x00000006c5d80000, 0x000000076ab00000)
  object space 95744K, 9% used [0x00000006c0000000,0x00000006c087ed70,0x00000006c5d80000)
 Metaspace       used 20127K, capacity 21178K, committed 21296K, reserved 1067008K
  class space    used 2835K, capacity 3092K, committed 3200K, reserved 1048576K
}

Deoptimization events (10 events):
Event: 1.667 Thread 0x00007fddcf23d000 Uncommon trap: reason=class_check action=maybe_recompile pc=0x000000010ba5ad48 method=java.lang.String.equals(Ljava/lang/Object;)Z @ 8
Event: 2.469 Thread 0x00007fddcf23d000 Uncommon trap: reason=unstable_if action=reinterpret pc=0x000000010bce8564 method=jdk.internal.org.objectweb.asm.Type.getArgumentsAndReturnSizes(Ljava/lang/String;)I @ 47
Event: 2.587 Thread 0x00007fddcf23d000 Uncommon trap: reason=unstable_if action=reinterpret pc=0x000000010bd70170 method=java.lang.ClassLoader.checkName(Ljava/lang/String;)Z @ 20
Event: 4.960 Thread 0x00007fddcf008800 Uncommon trap: reason=unstable_if action=reinterpret pc=0x000000010be9587c method=java.lang.ref.ReferenceQueue.poll()Ljava/lang/ref/Reference; @ 4
Event: 5.544 Thread 0x00007fddcf23d000 Uncommon trap: reason=range_check action=make_not_entrant pc=0x000000010bcace08 method=sun.reflect.generics.parser.SignatureParser.current()C @ 34
Event: 5.621 Thread 0x00007fddcf23d000 Uncommon trap: reason=array_check action=maybe_recompile pc=0x000000010c06e8d0 method=com.sun.javafx.css.SimpleSelector.applies(Ljavafx/css/Styleable;[Ljava/util/Set;I)Z @ 37
Event: 5.622 Thread 0x00007fddcf23d000 Uncommon trap: reason=array_check action=maybe_recompile pc=0x000000010c06e8d0 method=com.sun.javafx.css.SimpleSelector.applies(Ljavafx/css/Styleable;[Ljava/util/Set;I)Z @ 37
Event: 5.624 Thread 0x00007fddcf23d000 Uncommon trap: reason=array_check action=maybe_recompile pc=0x000000010c06e8d0 method=com.sun.javafx.css.SimpleSelector.applies(Ljavafx/css/Styleable;[Ljava/util/Set;I)Z @ 37
Event: 5.624 Thread 0x00007fddcf23d000 Uncommon trap: reason=array_check action=maybe_recompile pc=0x000000010c06e8d0 method=com.sun.javafx.css.SimpleSelector.applies(Ljavafx/css/Styleable;[Ljava/util/Set;I)Z @ 37
Event: 7.149 Thread 0x00007fddcf23d000 Uncommon trap: reason=unstable_if action=reinterpret pc=0x000000010c0a5004 method=javafx.scene.CssStyleHelper.lookup(Ljavafx/css/Styleable;Ljavafx/css/CssMetaData;Lcom/sun/javafx/css/StyleMap;Ljava/util/Set;Ljavafx/css/Styleable;Lcom/sun/javafx/css/Calcul

Classes redefined (0 events):
No events

Internal exceptions (10 events):
Event: 1.296 Thread 0x00007fddcf23d000 Exception <a 'java/lang/ArrayIndexOutOfBoundsException'> (0x000000076c41f370) thrown at [/Users/java_re/workspace/8-2-build-macosx-x86_64/jdk8u202/12323/hotspot/src/share/vm/runtime/sharedRuntime.cpp, line 605]
Event: 1.296 Thread 0x00007fddcf23d000 Exception <a 'java/lang/ArrayIndexOutOfBoundsException'> (0x000000076c420718) thrown at [/Users/java_re/workspace/8-2-build-macosx-x86_64/jdk8u202/12323/hotspot/src/share/vm/runtime/sharedRuntime.cpp, line 605]
Event: 1.468 Thread 0x00007fddcf23d000 Exception <a 'java/lang/ArrayIndexOutOfBoundsException'> (0x000000076c699ce0) thrown at [/Users/java_re/workspace/8-2-build-macosx-x86_64/jdk8u202/12323/hotspot/src/share/vm/runtime/sharedRuntime.cpp, line 605]
Event: 1.468 Thread 0x00007fddcf23d000 Exception <a 'java/lang/ArrayIndexOutOfBoundsException'> (0x000000076c69ad38) thrown at [/Users/java_re/workspace/8-2-build-macosx-x86_64/jdk8u202/12323/hotspot/src/share/vm/runtime/sharedRuntime.cpp, line 605]
Event: 1.537 Thread 0x00007fddcf23d000 Implicit null exception at 0x000000010bca42f5 to 0x000000010bca4531
Event: 1.538 Thread 0x00007fddcf23d000 Implicit null exception at 0x000000010bc73d3b to 0x000000010bc74759
Event: 1.654 Thread 0x00007fddcf23d000 Exception <a 'java/io/FileNotFoundException'> (0x000000076cccbdb8) thrown at [/Users/java_re/workspace/8-2-build-macosx-x86_64/jdk8u202/12323/hotspot/src/share/vm/prims/jni.cpp, line 710]
Event: 5.545 Thread 0x00007fddcf23d000 Exception <a 'java/lang/ArrayIndexOutOfBoundsException': 79> (0x000000076af4a9d8) thrown at [/Users/java_re/workspace/8-2-build-macosx-x86_64/jdk8u202/12323/hotspot/src/share/vm/interpreter/interpreterRuntime.cpp, line 368]
Event: 5.546 Thread 0x00007fddcf23d000 Exception <a 'java/lang/ArrayIndexOutOfBoundsException': 52> (0x000000076af4bbc0) thrown at [/Users/java_re/workspace/8-2-build-macosx-x86_64/jdk8u202/12323/hotspot/src/share/vm/interpreter/interpreterRuntime.cpp, line 368]
Event: 5.546 Thread 0x00007fddcf23d000 Exception <a 'java/lang/ArrayIndexOutOfBoundsException': 114> (0x000000076af4d618) thrown at [/Users/java_re/workspace/8-2-build-macosx-x86_64/jdk8u202/12323/hotspot/src/share/vm/interpreter/interpreterRuntime.cpp, line 368]

Events (10 events):
Event: 5.719 loading class com/sun/prism/impl/shape/BasicRoundRectRep done
Event: 5.719 loading class com/sun/prism/impl/shape/BasicShapeRep
Event: 5.719 loading class com/sun/prism/impl/shape/BasicShapeRep done
Event: 5.720 loading class com/sun/prism/shader/Solid_Color_Loader
Event: 5.720 loading class com/sun/prism/shader/Solid_Color_Loader done
Event: 7.149 Thread 0x00007fddcf23d000 Uncommon trap: trap_request=0xffffff65 fr.pc=0x000000010c0a5004
Event: 7.149 Thread 0x00007fddcf23d000 DEOPT PACKING pc=0x000000010c0a5004 sp=0x0000000304d620f0
Event: 7.149 Thread 0x00007fddcf23d000 DEOPT UNPACKING pc=0x000000010b98773a sp=0x0000000304d62098 mode 2
Event: 7.164 loading class com/sun/javafx/geom/RoundRectIterator
Event: 7.164 loading class com/sun/javafx/geom/RoundRectIterator done


Dynamic libraries:
0x00007ff823be5000 	/System/Library/Frameworks/Cocoa.framework/Versions/A/Cocoa
0x00007ff80f2bb000 	/System/Library/Frameworks/AppKit.framework/Versions/C/AppKit
0x00007ff812830000 	/System/Library/Frameworks/CoreData.framework/Versions/A/CoreData
0x00007ff80d6be000 	/System/Library/Frameworks/Foundation.framework/Versions/C/Foundation
0x00007ff817ab5000 	/usr/lib/libSystem.B.dylib
0x00007ff81014b000 	/System/Library/PrivateFrameworks/UIFoundation.framework/Versions/A/UIFoundation
0x00007ff81dae6000 	/System/Library/PrivateFrameworks/RemoteViewServices.framework/Versions/A/RemoteViewServices
0x00007ff815d80000 	/System/Library/PrivateFrameworks/XCTTargetBootstrap.framework/Versions/A/XCTTargetBootstrap
0x00007ff81997c000 	/System/Library/PrivateFrameworks/InternationalSupport.framework/Versions/A/InternationalSupport
0x00007ff819a06000 	/System/Library/PrivateFrameworks/UserActivity.framework/Versions/A/UserActivity
0x00007ff818d5e000 	/usr/lib/libspindump.dylib
0x00007ff8103da000 	/System/Library/Frameworks/UniformTypeIdentifiers.framework/Versions/A/UniformTypeIdentifiers
0x00007ff8144a4000 	/usr/lib/libapp_launch_measurement.dylib
0x00007ff813213000 	/System/Library/PrivateFrameworks/CoreAnalytics.framework/Versions/A/CoreAnalytics
0x00007ff8144a7000 	/System/Library/PrivateFrameworks/CoreAutoLayout.framework/Versions/A/CoreAutoLayout
0x00007ff8156d7000 	/System/Library/Frameworks/Metal.framework/Versions/A/Metal
0x00007ff816407000 	/usr/lib/liblangid.dylib
0x00007ff815d85000 	/System/Library/PrivateFrameworks/CoreSVG.framework/Versions/A/CoreSVG
0x00007ff8117c6000 	/System/Library/PrivateFrameworks/SkyLight.framework/Versions/A/SkyLight
0x00007ff811b65000 	/System/Library/Frameworks/CoreGraphics.framework/Versions/A/CoreGraphics
0x00007ff81e1a6000 	/System/Library/Frameworks/Accelerate.framework/Versions/A/Accelerate
0x00007ff8187dd000 	/System/Library/PrivateFrameworks/IconServices.framework/Versions/A/IconServices
0x00007ff8156bc000 	/System/Library/Frameworks/IOSurface.framework/Versions/A/IOSurface
0x00007ff813241000 	/usr/lib/libDiagnosticMessagesClient.dylib
0x00007ff8179cf000 	/usr/lib/libz.1.dylib
0x00007ff821889000 	/System/Library/Frameworks/ApplicationServices.framework/Versions/A/ApplicationServices
0x00007ff815d6c000 	/System/Library/PrivateFrameworks/DFRFoundation.framework/Versions/A/DFRFoundation
0x00007ff80eba3000 	/usr/lib/libicucore.A.dylib
0x00007ff81a772000 	/System/Library/Frameworks/AudioToolbox.framework/Versions/A/AudioToolbox
0x00007ff819988000 	/System/Library/PrivateFrameworks/DataDetectorsCore.framework/Versions/A/DataDetectorsCore
0x00007ff915be9000 	/System/Library/PrivateFrameworks/TextInput.framework/Versions/A/TextInput
0x00007ff811749000 	/usr/lib/libMobileGestalt.dylib
0x00007ff815a78000 	/System/Library/Frameworks/Carbon.framework/Versions/A/Frameworks/HIToolbox.framework/Versions/A/HIToolbox
0x00007ff813ea6000 	/System/Library/Frameworks/QuartzCore.framework/Versions/A/QuartzCore
0x00007ff80e848000 	/System/Library/Frameworks/Security.framework/Versions/A/Security
0x00007ff81db1e000 	/System/Library/Frameworks/Carbon.framework/Versions/A/Frameworks/SpeechRecognition.framework/Versions/A/SpeechRecognition
0x00007ff814204000 	/System/Library/PrivateFrameworks/CoreUI.framework/Versions/A/CoreUI
0x00007ff80e112000 	/System/Library/Frameworks/CoreAudio.framework/Versions/A/CoreAudio
0x00007ff813330000 	/System/Library/Frameworks/DiskArbitration.framework/Versions/A/DiskArbitration
0x00007ff81914a000 	/System/Library/PrivateFrameworks/MultitouchSupport.framework/Versions/A/MultitouchSupport
0x00007ff811748000 	/usr/lib/libenergytrace.dylib
0x00007ff80f1a7000 	/System/Library/Frameworks/IOKit.framework/Versions/A/IOKit
0x00007ff81df0e000 	/System/Library/Frameworks/CoreServices.framework/Versions/A/CoreServices
0x00007ff81443e000 	/System/Library/PrivateFrameworks/PerformanceAnalysis.framework/Versions/A/PerformanceAnalysis
0x00007ffa256c0000 	/System/Library/Frameworks/OpenGL.framework/Versions/A/OpenGL
0x00007ff816feb000 	/System/Library/PrivateFrameworks/MobileKeyBag.framework/Versions/A/MobileKeyBag
0x00007ff80c752000 	/usr/lib/libobjc.A.dylib
0x00007ff81228f000 	/System/Library/Frameworks/ColorSync.framework/Versions/A/ColorSync
0x00007ff80c90c000 	/System/Library/Frameworks/CoreFoundation.framework/Versions/A/CoreFoundation
0x00007ff815ffd000 	/System/Library/Frameworks/CoreImage.framework/Versions/A/CoreImage
0x00007ff80df26000 	/System/Library/Frameworks/CoreText.framework/Versions/A/CoreText
0x00007ff815db5000 	/System/Library/Frameworks/ImageIO.framework/Versions/A/ImageIO
0x00007ff817abb000 	/System/Library/PrivateFrameworks/SoftLinking.framework/Versions/A/SoftLinking
0x00007ff8144ef000 	/usr/lib/libxml2.2.dylib
0x00007ff80c818000 	/usr/lib/libc++.1.dylib
0x00007ff817d3c000 	/usr/lib/libcompression.dylib
0x00007ff8198af000 	/System/Library/PrivateFrameworks/TextureIO.framework/Versions/A/TextureIO
0x00007ff818456000 	/usr/lib/libate.dylib
0x00007ff817ab0000 	/usr/lib/system/libcache.dylib
0x00007ff817a6c000 	/usr/lib/system/libcommonCrypto.dylib
0x00007ff817a95000 	/usr/lib/system/libcompiler_rt.dylib
0x00007ff817a8b000 	/usr/lib/system/libcopyfile.dylib
0x00007ff80c64d000 	/usr/lib/system/libcorecrypto.dylib
0x00007ff80c70b000 	/usr/lib/system/libdispatch.dylib
0x00007ff80c8cb000 	/usr/lib/system/libdyld.dylib
0x00007ff817aa7000 	/usr/lib/system/libkeymgr.dylib
0x00007ff817a4a000 	/usr/lib/system/libmacho.dylib
0x00007ff8170c5000 	/usr/lib/system/libquarantine.dylib
0x00007ff817aa5000 	/usr/lib/system/libremovefile.dylib
0x00007ff811796000 	/usr/lib/system/libsystem_asl.dylib
0x00007ff80c5f6000 	/usr/lib/system/libsystem_blocks.dylib
0x00007ff80c78f000 	/usr/lib/system/libsystem_c.dylib
0x00007ff817a9d000 	/usr/lib/system/libsystem_collections.dylib
0x00007ff8163f7000 	/usr/lib/system/libsystem_configuration.dylib
0x00007ff81569f000 	/usr/lib/system/libsystem_containermanager.dylib
0x00007ff81777c000 	/usr/lib/system/libsystem_coreservices.dylib
0x00007ff80ee37000 	/usr/lib/system/libsystem_darwin.dylib
0x00007ff817aa8000 	/usr/lib/system/libsystem_dnssd.dylib
0x00007ff80c78c000 	/usr/lib/system/libsystem_featureflags.dylib
0x00007ff80c8e1000 	/usr/lib/system/libsystem_info.dylib
0x00007ff8179e2000 	/usr/lib/system/libsystem_m.dylib
0x00007ff80c6df000 	/usr/lib/system/libsystem_malloc.dylib
0x00007ff811731000 	/usr/lib/system/libsystem_networkextension.dylib
0x00007ff80f25d000 	/usr/lib/system/libsystem_notify.dylib
0x00007ff81dde3000 	/usr/lib/system/libsystem_product_info_filter.dylib
0x00007ff8163fb000 	/usr/lib/system/libsystem_sandbox.dylib
0x00007ff817aa2000 	/usr/lib/system/libsystem_secinit.dylib
0x00007ff80c887000 	/usr/lib/system/libsystem_kernel.dylib
0x00007ff80c8d7000 	/usr/lib/system/libsystem_platform.dylib
0x00007ff80c8bf000 	/usr/lib/system/libsystem_pthread.dylib
0x00007ff813053000 	/usr/lib/system/libsystem_symptoms.dylib
0x00007ff80c634000 	/usr/lib/system/libsystem_trace.dylib
0x00007ff817a78000 	/usr/lib/system/libunwind.dylib
0x00007ff80c5f8000 	/usr/lib/system/libxpc.dylib
0x00007ff80c871000 	/usr/lib/libc++abi.dylib
0x00007ff817a83000 	/usr/lib/liboah.dylib
0x00007ff818214000 	/usr/lib/liblzma.5.dylib
0x00007ff80d3d0000 	/System/Library/Frameworks/SystemConfiguration.framework/Versions/A/SystemConfiguration
0x00007ff817ab7000 	/usr/lib/libfakelink.dylib
0x00007ff8112a1000 	/System/Library/Frameworks/CFNetwork.framework/Versions/A/CFNetwork
0x00007ff817bf8000 	/usr/lib/libarchive.2.dylib
0x00007ff816403000 	/System/Library/PrivateFrameworks/AppleSystemInfo.framework/Versions/A/AppleSystemInfo
0x00007ff8170ec000 	/usr/lib/libbsm.0.dylib
0x00007ff8108b0000 	/usr/lib/libnetwork.dylib
0x00007ff817a50000 	/usr/lib/system/libkxld.dylib
0x00007ff816d1f000 	/System/Library/PrivateFrameworks/IOMobileFramebuffer.framework/Versions/A/IOMobileFramebuffer
0x00007ffb25085000 	/usr/lib/libCoreEntitlements.dylib
0x00007ff81775e000 	/System/Library/PrivateFrameworks/AppleFSCompression.framework/Versions/A/AppleFSCompression
0x00007ff8170d4000 	/usr/lib/libcoretls.dylib
0x00007ff81822e000 	/usr/lib/libcoretls_cfhelpers.dylib
0x00007ff817d37000 	/usr/lib/libpam.2.dylib
0x00007ff812c75000 	/usr/lib/libsqlite3.dylib
0x00007ff81829d000 	/usr/lib/libxar.1.dylib
0x00007ff81776e000 	/usr/lib/libbz2.1.0.dylib
0x00007ff817abc000 	/usr/lib/libpcap.A.dylib
0x00007ff81304b000 	/usr/lib/libdns_services.dylib
0x00007ff817d0a000 	/usr/lib/libapple_nghttp2.dylib
0x00007ff817af6000 	/usr/lib/libiconv.2.dylib
0x00007ff817a49000 	/usr/lib/libcharset.1.dylib
0x00007ff814472000 	/System/Library/Frameworks/CoreServices.framework/Versions/A/Frameworks/FSEvents.framework/Versions/A/FSEvents
0x00007ff80ee41000 	/System/Library/Frameworks/CoreServices.framework/Versions/A/Frameworks/CarbonCore.framework/Versions/A/CarbonCore
0x00007ff813294000 	/System/Library/Frameworks/CoreServices.framework/Versions/A/Frameworks/Metadata.framework/Versions/A/Metadata
0x00007ff817781000 	/System/Library/Frameworks/CoreServices.framework/Versions/A/Frameworks/OSServices.framework/Versions/A/OSServices
0x00007ff817c7f000 	/System/Library/Frameworks/CoreServices.framework/Versions/A/Frameworks/SearchKit.framework/Versions/A/SearchKit
0x00007ff812fdd000 	/System/Library/Frameworks/CoreServices.framework/Versions/A/Frameworks/AE.framework/Versions/A/AE
0x00007ff80ce0d000 	/System/Library/Frameworks/CoreServices.framework/Versions/A/Frameworks/LaunchServices.framework/Versions/A/LaunchServices
0x00007ff8181c5000 	/System/Library/Frameworks/CoreServices.framework/Versions/A/Frameworks/DictionaryServices.framework/Versions/A/DictionaryServices
0x00007ff81447f000 	/System/Library/Frameworks/CoreServices.framework/Versions/A/Frameworks/SharedFileList.framework/Versions/A/SharedFileList
0x00007ff8170c8000 	/usr/lib/libCheckFix.dylib
0x00007ff8117ad000 	/System/Library/PrivateFrameworks/TCC.framework/Versions/A/TCC
0x00007ff816409000 	/System/Library/PrivateFrameworks/CoreNLP.framework/Versions/A/CoreNLP
0x00007ff813244000 	/System/Library/PrivateFrameworks/MetadataUtilities.framework/Versions/A/MetadataUtilities
0x00007ff80d481000 	/usr/lib/libmecabra.dylib
0x00007ff8170fc000 	/usr/lib/libmecab.dylib
0x00007ff80d44c000 	/usr/lib/libCRFSuite.dylib
0x00007ff817156000 	/usr/lib/libgermantok.dylib
0x00007ff817ce5000 	/usr/lib/libThaiTokenizer.dylib
0x00007ff813337000 	/System/Library/Frameworks/Accelerate.framework/Versions/A/Frameworks/vImage.framework/Versions/A/vImage
0x00007ff81dee5000 	/System/Library/Frameworks/Accelerate.framework/Versions/A/Frameworks/vecLib.framework/Versions/A/vecLib
0x00007ff8182de000 	/System/Library/Frameworks/Accelerate.framework/Versions/A/Frameworks/vecLib.framework/Versions/A/libvMisc.dylib
0x00007ff816b1e000 	/System/Library/Frameworks/Accelerate.framework/Versions/A/Frameworks/vecLib.framework/Versions/A/libvDSP.dylib
0x00007ff80d188000 	/System/Library/Frameworks/Accelerate.framework/Versions/A/Frameworks/vecLib.framework/Versions/A/libBLAS.dylib
0x00007ff817e1a000 	/System/Library/Frameworks/Accelerate.framework/Versions/A/Frameworks/vecLib.framework/Versions/A/libLAPACK.dylib
0x00007ff817159000 	/System/Library/Frameworks/Accelerate.framework/Versions/A/Frameworks/vecLib.framework/Versions/A/libLinearAlgebra.dylib
0x00007ff817d22000 	/System/Library/Frameworks/Accelerate.framework/Versions/A/Frameworks/vecLib.framework/Versions/A/libSparseBLAS.dylib
0x00007ff817e14000 	/System/Library/Frameworks/Accelerate.framework/Versions/A/Frameworks/vecLib.framework/Versions/A/libQuadrature.dylib
0x00007ff8164f4000 	/System/Library/Frameworks/Accelerate.framework/Versions/A/Frameworks/vecLib.framework/Versions/A/libBNNS.dylib
0x00007ff80d35a000 	/System/Library/Frameworks/Accelerate.framework/Versions/A/Frameworks/vecLib.framework/Versions/A/libSparse.dylib
0x00007ff8164ed000 	/System/Library/PrivateFrameworks/LinguisticData.framework/Versions/A/LinguisticData
0x00007ff80d310000 	/System/Library/PrivateFrameworks/Lexicon.framework/Versions/A/Lexicon
0x00007ff8182d7000 	/usr/lib/libChineseTokenizer.dylib
0x00007ff80da7b000 	/System/Library/PrivateFrameworks/LanguageModeling.framework/Versions/A/LanguageModeling
0x00007ff817ce7000 	/System/Library/PrivateFrameworks/AppleSauce.framework/Versions/A/AppleSauce
0x00007ff816d0d000 	/System/Library/PrivateFrameworks/CoreEmoji.framework/Versions/A/CoreEmoji
0x00007ff817be7000 	/usr/lib/libcmph.dylib
0x00007ff814456000 	/System/Library/Frameworks/OpenDirectory.framework/Versions/A/Frameworks/CFOpenDirectory.framework/Versions/A/CFOpenDirectory
0x00007ff81444a000 	/System/Library/Frameworks/OpenDirectory.framework/Versions/A/OpenDirectory
0x00007ff818230000 	/System/Library/PrivateFrameworks/APFS.framework/Versions/A/APFS
0x00007ff817023000 	/System/Library/Frameworks/SecurityFoundation.framework/Versions/A/SecurityFoundation
0x00007ff8182ab000 	/usr/lib/libutil.dylib
0x00007ff80f16b000 	/System/Library/PrivateFrameworks/CoreServicesStore.framework/Versions/A/CoreServicesStore
0x00007ff8182af000 	/usr/lib/libxslt.1.dylib
0x00007ff8170b0000 	/System/Library/PrivateFrameworks/BackgroundTaskManagement.framework/Versions/A/BackgroundTaskManagement
0x00007ff8197d0000 	/System/Library/Frameworks/ImageIO.framework/Versions/A/Resources/libRadiance.dylib
0x00007ff8197d9000 	/System/Library/Frameworks/ImageIO.framework/Versions/A/Resources/libJPEG.dylib
0x00007ff819729000 	/System/Library/Frameworks/ImageIO.framework/Versions/A/Resources/libPng.dylib
0x00007ff81974a000 	/System/Library/Frameworks/ImageIO.framework/Versions/A/Resources/libTIFF.dylib
0x00007ff819838000 	/System/Library/Frameworks/ImageIO.framework/Versions/A/Resources/libGIF.dylib
0x00007ff819066000 	/System/Library/Frameworks/ImageIO.framework/Versions/A/Resources/libJP2.dylib
0x00007ff8187a4000 	/usr/lib/libexpat.1.dylib
0x00007ff81901b000 	/System/Library/PrivateFrameworks/AppleJPEG.framework/Versions/A/AppleJPEG
0x00007ff81593c000 	/System/Library/PrivateFrameworks/FontServices.framework/libFontParser.dylib
0x00007ff812f87000 	/System/Library/PrivateFrameworks/RunningBoardServices.framework/Versions/A/RunningBoardServices
0x00007ff8241a0000 	/System/Library/PrivateFrameworks/IOSurfaceAccelerator.framework/Versions/A/IOSurfaceAccelerator
0x00007ff819146000 	/System/Library/PrivateFrameworks/WatchdogClient.framework/Versions/A/WatchdogClient
0x00007ff80db69000 	/System/Library/Frameworks/CoreDisplay.framework/Versions/A/CoreDisplay
0x00007ff81583a000 	/System/Library/Frameworks/CoreMedia.framework/Versions/A/CoreMedia
0x00007ff8156ce000 	/System/Library/PrivateFrameworks/IOAccelerator.framework/Versions/A/IOAccelerator
0x00007ff8145d3000 	/System/Library/Frameworks/CoreVideo.framework/Versions/A/CoreVideo
0x00007ff817d35000 	/System/Library/Frameworks/MetalPerformanceShaders.framework/Versions/A/MetalPerformanceShaders
0x00007ff819183000 	/System/Library/Frameworks/VideoToolbox.framework/Versions/A/VideoToolbox
0x00007ff812ed1000 	/System/Library/PrivateFrameworks/BaseBoard.framework/Versions/A/BaseBoard
0x00007ff812c5b000 	/System/Library/PrivateFrameworks/ProtocolBuffer.framework/Versions/A/ProtocolBuffer
0x00007ff8197c9000 	/System/Library/PrivateFrameworks/GPUWrangler.framework/Versions/A/GPUWrangler
0x00007ff8197ad000 	/System/Library/PrivateFrameworks/IOPresentment.framework/Versions/A/IOPresentment
0x00007ff8197d3000 	/System/Library/PrivateFrameworks/DSExternalDisplay.framework/Versions/A/DSExternalDisplay
0x00007ffa256b4000 	/System/Library/Frameworks/OpenGL.framework/Versions/A/Libraries/libCoreFSCache.dylib
0x00007ffb1277c000 	/System/Library/PrivateFrameworks/GPUCompiler.framework/Versions/31001/Libraries/libGPUCompilerUtils.dylib
0x00007ff81983d000 	/System/Library/PrivateFrameworks/CMCaptureCore.framework/Versions/A/CMCaptureCore
0x00007ff818d4c000 	/System/Library/PrivateFrameworks/AppServerSupport.framework/Versions/A/AppServerSupport
0x00007ff81b00b000 	/System/Library/PrivateFrameworks/perfdata.framework/Versions/A/perfdata
0x00007ff80dc95000 	/System/Library/PrivateFrameworks/AudioToolboxCore.framework/Versions/A/AudioToolboxCore
0x00007ff815818000 	/System/Library/PrivateFrameworks/caulk.framework/Versions/A/caulk
0x00007ff81a91d000 	/usr/lib/libAudioStatistics.dylib
0x00007ff912377000 	/System/Library/PrivateFrameworks/SystemPolicy.framework/Versions/A/SystemPolicy
0x00007ff81ab78000 	/usr/lib/libSMC.dylib
0x00007ff823a98000 	/System/Library/Frameworks/CoreMIDI.framework/Versions/A/CoreMIDI
0x00007ff8196f8000 	/usr/lib/libAudioToolboxUtility.dylib
0x00007ff90e59f000 	/System/Library/PrivateFrameworks/OSAServicesClient.framework/Versions/A/OSAServicesClient
0x00007ff81b018000 	/usr/lib/libperfcheck.dylib
0x00007ff912e24000 	/usr/lib/libmis.dylib
0x00007ffa2570f000 	/System/Library/Frameworks/OpenGL.framework/Versions/A/Libraries/libGLU.dylib
0x00007ffa256d3000 	/System/Library/Frameworks/OpenGL.framework/Versions/A/Libraries/libGFXShared.dylib
0x00007ffa258dc000 	/System/Library/Frameworks/OpenGL.framework/Versions/A/Libraries/libGL.dylib
0x00007ffa256dc000 	/System/Library/Frameworks/OpenGL.framework/Versions/A/Libraries/libGLImage.dylib
0x00007ffa256d0000 	/System/Library/Frameworks/OpenGL.framework/Versions/A/Libraries/libCVMSPluginSupport.dylib
0x00007ffa256bb000 	/System/Library/Frameworks/OpenGL.framework/Versions/A/Libraries/libCoreVMClient.dylib
0x00007ff816385000 	/System/Library/Frameworks/MetalPerformanceShaders.framework/Versions/A/Frameworks/MPSCore.framework/Versions/A/MPSCore
0x00007ff8176c9000 	/System/Library/Frameworks/MetalPerformanceShaders.framework/Versions/A/Frameworks/MPSImage.framework/Versions/A/MPSImage
0x00007ff81716f000 	/System/Library/Frameworks/MetalPerformanceShaders.framework/Versions/A/Frameworks/MPSNeuralNetwork.framework/Versions/A/MPSNeuralNetwork
0x00007ff8175e3000 	/System/Library/Frameworks/MetalPerformanceShaders.framework/Versions/A/Frameworks/MPSMatrix.framework/Versions/A/MPSMatrix
0x00007ff81739e000 	/System/Library/Frameworks/MetalPerformanceShaders.framework/Versions/A/Frameworks/MPSRayIntersector.framework/Versions/A/MPSRayIntersector
0x00007ff81761b000 	/System/Library/Frameworks/MetalPerformanceShaders.framework/Versions/A/Frameworks/MPSNDArray.framework/Versions/A/MPSNDArray
0x00007ffa2b194000 	/System/Library/Frameworks/MetalPerformanceShaders.framework/Versions/A/Frameworks/MPSFunctions.framework/Versions/A/MPSFunctions
0x00007ff80d064000 	/System/Library/PrivateFrameworks/MetalTools.framework/Versions/A/MetalTools
0x00007ff816401000 	/System/Library/PrivateFrameworks/AggregateDictionary.framework/Versions/A/AggregateDictionary
0x00007ff818586000 	/usr/lib/libIOReport.dylib
0x00007ffa26ceb000 	/System/Library/Frameworks/OpenCL.framework/Versions/A/OpenCL
0x00007ff8188ea000 	/System/Library/PrivateFrameworks/FaceCore.framework/Versions/A/FaceCore
0x00007ff8188db000 	/System/Library/PrivateFrameworks/GraphVisualizer.framework/Versions/A/GraphVisualizer
0x00007ffb12687000 	/System/Library/PrivateFrameworks/FontServices.framework/Versions/A/FontServices
0x00007ff818d04000 	/System/Library/PrivateFrameworks/OTSVG.framework/Versions/A/OTSVG
0x00007ff8141b9000 	/System/Library/Frameworks/ApplicationServices.framework/Versions/A/Frameworks/ATS.framework/Versions/A/Resources/libFontRegistry.dylib
0x00007ff818d54000 	/System/Library/PrivateFrameworks/FontServices.framework/libhvf.dylib
0x00007ffb12688000 	/System/Library/PrivateFrameworks/FontServices.framework/libXTFontStaticRegistryData.dylib
0x00007ff818754000 	/System/Library/PrivateFrameworks/AppleVA.framework/Versions/A/AppleVA
0x00007ff81a93d000 	/System/Library/Frameworks/ApplicationServices.framework/Versions/A/Frameworks/ATS.framework/Versions/A/ATS
0x00007ff81238d000 	/System/Library/Frameworks/ApplicationServices.framework/Versions/A/Frameworks/HIServices.framework/Versions/A/HIServices
0x00007ff819847000 	/System/Library/Frameworks/ApplicationServices.framework/Versions/A/Frameworks/PrintCore.framework/Versions/A/PrintCore
0x00007ff81accb000 	/System/Library/Frameworks/ApplicationServices.framework/Versions/A/Frameworks/QD.framework/Versions/A/QD
0x00007ff81acc3000 	/System/Library/Frameworks/ApplicationServices.framework/Versions/A/Frameworks/ColorSyncLegacy.framework/Versions/A/ColorSyncLegacy
0x00007ff81a92d000 	/System/Library/Frameworks/ApplicationServices.framework/Versions/A/Frameworks/SpeechSynthesis.framework/Versions/A/SpeechSynthesis
0x00007ff819808000 	/System/Library/Frameworks/ApplicationServices.framework/Versions/A/Frameworks/ATSUI.framework/Versions/A/ATSUI
0x00007ff81ac58000 	/usr/lib/libcups.2.dylib
0x00007ff81b027000 	/System/Library/Frameworks/Kerberos.framework/Versions/A/Kerberos
0x00007ff81b036000 	/System/Library/Frameworks/GSS.framework/Versions/A/GSS
0x00007ff81a9a9000 	/usr/lib/libresolv.9.dylib
0x00007ff818d63000 	/System/Library/PrivateFrameworks/Heimdal.framework/Versions/A/Heimdal
0x00007ff821c1b000 	/System/Library/Frameworks/Kerberos.framework/Versions/A/Libraries/libHeimdalProxy.dylib
0x00007ff81305b000 	/System/Library/Frameworks/Network.framework/Versions/A/Network
0x00007ff8187be000 	/usr/lib/libheimdal-asn1.dylib
0x00007ff81b081000 	/System/Library/PrivateFrameworks/CommonAuth.framework/Versions/A/CommonAuth
0x00007ff81a8af000 	/System/Library/PrivateFrameworks/AudioSession.framework/Versions/A/AudioSession
0x00007ff81884e000 	/System/Library/PrivateFrameworks/MediaExperience.framework/Versions/A/MediaExperience
0x00007ff81a741000 	/System/Library/PrivateFrameworks/AudioSession.framework/libSessionUtility.dylib
0x00007ff81acd7000 	/System/Library/PrivateFrameworks/AudioResourceArbitration.framework/Versions/A/AudioResourceArbitration
0x00007ff81ed58000 	/System/Library/PrivateFrameworks/PowerLog.framework/Versions/A/PowerLog
0x00007ff8187c7000 	/System/Library/PrivateFrameworks/IconFoundation.framework/Versions/A/IconFoundation
0x00007ff81db0e000 	/System/Library/PrivateFrameworks/SpeechRecognitionCore.framework/Versions/A/SpeechRecognitionCore
0x0000000109a8b000 	/Library/Internet Plug-Ins/JavaAppletPlugin.plugin/Contents/Home/lib/server/libjvm.dylib
0x00007ffb25b11000 	/usr/lib/libstdc++.6.dylib
0x0000000108b1f000 	/Library/Internet Plug-Ins/JavaAppletPlugin.plugin/Contents/Home/lib/libverify.dylib
0x0000000108b74000 	/Library/Internet Plug-Ins/JavaAppletPlugin.plugin/Contents/Home/lib/libjava.dylib
0x0000000108b4f000 	/Library/Internet Plug-Ins/JavaAppletPlugin.plugin/Contents/Home/lib/libzip.dylib
0x0000000125e8c000 	/Library/Internet Plug-Ins/JavaAppletPlugin.plugin/Contents/Home/lib/libprism_es2.dylib
0x00007ff80f12d000 	/System/Library/PrivateFrameworks/CoreServicesInternal.framework/Versions/A/CoreServicesInternal
0x00007ffa258e7000 	/System/Library/Frameworks/OpenGL.framework/Versions/A/Resources/GLEngine.bundle/GLEngine
0x00007ffa2574d000 	/System/Library/Frameworks/OpenGL.framework/Versions/A/Libraries/libGLProgrammability.dylib
0x0000000126965000 	/System/Library/Extensions/AppleMetalOpenGLRenderer.bundle/Contents/MacOS/AppleMetalOpenGLRenderer
0x00007ffa25a71000 	/System/Library/Frameworks/OpenGL.framework/Versions/A/Resources/GLRendererFloat.bundle/GLRendererFloat
0x00007ffa27889000 	/System/Library/Extensions/AGXMetal13_3.bundle/Contents/MacOS/AGXMetal13_3
0x00007ff912e3f000 	/System/Library/PrivateFrameworks/GPURawCounter.framework/Versions/A/GPURawCounter
0x00007ff90d747000 	/System/Library/PrivateFrameworks/IOGPU.framework/Versions/A/IOGPU
0x0000000126c60000 	/Library/Internet Plug-Ins/JavaAppletPlugin.plugin/Contents/Home/lib/libglass.dylib
0x00007ff81f349000 	/System/Library/Frameworks/FileProvider.framework/Versions/A/FileProvider
0x00007ff812e3e000 	/System/Library/Frameworks/Accounts.framework/Versions/A/Accounts
0x00007ff81f4c2000 	/System/Library/PrivateFrameworks/GenerationalStorage.framework/Versions/A/GenerationalStorage
0x00007ff81ffd2000 	/System/Library/PrivateFrameworks/CoreSymbolication.framework/Versions/A/CoreSymbolication
0x00007ff81ed4d000 	/System/Library/PrivateFrameworks/SymptomDiagnosticReporter.framework/Versions/A/SymptomDiagnosticReporter
0x00007ff8103ee000 	/System/Library/PrivateFrameworks/DesktopServicesPriv.framework/Versions/A/DesktopServicesPriv
0x00007ff80f26c000 	/usr/lib/libsandbox.1.dylib
0x00007ff814652000 	/System/Library/PrivateFrameworks/UserManagement.framework/Versions/A/UserManagement
0x00007ff81ff97000 	/System/Library/PrivateFrameworks/DebugSymbols.framework/Versions/A/DebugSymbols
0x00007ff81acb8000 	/System/Library/PrivateFrameworks/NetAuth.framework/Versions/A/NetAuth
0x00007ff81bbc7000 	/System/Library/PrivateFrameworks/Sharing.framework/Versions/A/Sharing
0x00007ff814625000 	/System/Library/PrivateFrameworks/login.framework/Versions/A/Frameworks/loginsupport.framework/Versions/A/loginsupport
0x00007ff821135000 	/System/Library/PrivateFrameworks/Apple80211.framework/Versions/A/Apple80211
0x00007ff8177ae000 	/System/Library/PrivateFrameworks/AuthKit.framework/Versions/A/AuthKit
0x00007ff816e03000 	/System/Library/PrivateFrameworks/CoreUtils.framework/Versions/A/CoreUtils
0x00007ff816d2a000 	/System/Library/Frameworks/CoreWLAN.framework/Versions/A/CoreWLAN
0x00007ff81bd26000 	/System/Library/Frameworks/IOBluetooth.framework/Versions/A/IOBluetooth
0x00007ff82119d000 	/System/Library/PrivateFrameworks/CoreWiFi.framework/Versions/A/CoreWiFi
0x00007ff81fb6c000 	/System/Library/PrivateFrameworks/FrontBoardServices.framework/Versions/A/FrontBoardServices
0x00007ff81fbfd000 	/System/Library/PrivateFrameworks/BoardServices.framework/Versions/A/BoardServices
0x00007ff817012000 	/System/Library/PrivateFrameworks/AssertionServices.framework/Versions/A/AssertionServices
0x00007ff821320000 	/System/Library/PrivateFrameworks/BackBoardServices.framework/Versions/A/BackBoardServices
0x00007ff81b112000 	/System/Library/PrivateFrameworks/CorePhoneNumbers.framework/Versions/A/CorePhoneNumbers
0x00007ff81a9d6000 	/System/Library/PrivateFrameworks/MultiverseSupport.framework/Versions/A/MultiverseSupport
0x00007ff821594000 	/System/Library/PrivateFrameworks/RemoteServiceDiscovery.framework/Versions/A/RemoteServiceDiscovery
0x00007ff81ee6a000 	/System/Library/PrivateFrameworks/DiskManagement.framework/Versions/A/DiskManagement
0x00007ff81ed7e000 	/System/Library/PrivateFrameworks/AppleIDAuthSupport.framework/Versions/A/AppleIDAuthSupport
0x00007ffb0d002000 	/System/Library/PrivateFrameworks/AAAFoundation.framework/Versions/A/AAAFoundation
0x00007ff81b0f3000 	/System/Library/PrivateFrameworks/KeychainCircle.framework/Versions/A/KeychainCircle
0x00007ff8215a4000 	/System/Library/PrivateFrameworks/RemoteXPC.framework/Versions/A/RemoteXPC
0x00007ff81ee36000 	/System/Library/PrivateFrameworks/MediaKit.framework/Versions/A/MediaKit
0x00007ff81ed8a000 	/System/Library/Frameworks/DiscRecording.framework/Versions/A/DiscRecording
0x00007ff8186cc000 	/usr/lib/libCoreStorage.dylib
0x00007ff82160f000 	/usr/lib/libcsfde.dylib
0x00007ff81bdf3000 	/System/Library/PrivateFrameworks/ProtectedCloudStorage.framework/Versions/A/ProtectedCloudStorage
0x00007ff82160b000 	/System/Library/PrivateFrameworks/EFILogin.framework/Versions/A/EFILogin
0x00007ff81f4e8000 	/System/Library/PrivateFrameworks/OctagonTrust.framework/Versions/A/OctagonTrust
0x00007ffb118ea000 	/System/Library/PrivateFrameworks/CoreUtilsExtras.framework/Versions/A/CoreUtilsExtras
0x00007ff81ecb1000 	/System/Library/Frameworks/CoreBluetooth.framework/Versions/A/CoreBluetooth
0x00007ff821ca0000 	/System/Library/Frameworks/AudioUnit.framework/Versions/A/AudioUnit
0x00007ff8186c4000 	/usr/lib/libMatch.1.dylib
0x00007ff917448000 	/System/Library/Frameworks/Accelerate.framework/Versions/A/Frameworks/vImage.framework/Versions/A/Libraries/libCGInterfaces.dylib
0x000000012812e000 	/usr/lib/libobjc-trampolines.dylib
0x00007ff8241a8000 	/System/Library/PrivateFrameworks/FamilyControls.framework/Versions/A/FamilyControls
0x00007ff8241cc000 	/System/Library/PrivateFrameworks/CommerceKit.framework/Versions/A/Frameworks/CommerceCore.framework/Versions/A/CommerceCore
0x00007ff81e22a000 	/System/Library/PrivateFrameworks/SystemAdministration.framework/Versions/A/SystemAdministration
0x00007ff81bdda000 	/System/Library/PrivateFrameworks/AppContainer.framework/Versions/A/AppContainer
0x00007ff81bdef000 	/System/Library/PrivateFrameworks/SecCodeWrapper.framework/Versions/A/SecCodeWrapper
0x00007ff81858f000 	/System/Library/PrivateFrameworks/CrashReporterSupport.framework/Versions/A/CrashReporterSupport
0x00007ff91ee5f000 	/System/Library/PrivateFrameworks/OSAnalytics.framework/Versions/A/OSAnalytics
0x00007ff92a016000 	/System/Library/PrivateFrameworks/Symbolication.framework/Versions/A/Symbolication
0x00007ff912e01000 	/System/Library/PrivateFrameworks/MallocStackLogging.framework/Versions/A/MallocStackLogging
0x00007ff818e1a000 	/System/Library/PrivateFrameworks/login.framework/Versions/A/login
0x00007ff819a71000 	/System/Library/Frameworks/MediaToolbox.framework/Versions/A/MediaToolbox
0x00007ff81dada000 	/System/Library/Frameworks/DirectoryService.framework/Versions/A/DirectoryService
0x00007ff8214ac000 	/System/Library/PrivateFrameworks/DiskImages.framework/Versions/A/DiskImages
0x00007ff8170ba000 	/System/Library/Frameworks/ServiceManagement.framework/Versions/A/ServiceManagement
0x00007ff821689000 	/System/Library/PrivateFrameworks/LoginUIKit.framework/Versions/A/Frameworks/LoginUICore.framework/Versions/A/LoginUICore
0x00007ff818fc3000 	/usr/lib/libodfde.dylib
0x00007ff81f319000 	/System/Library/PrivateFrameworks/CoreAVCHD.framework/Versions/A/CoreAVCHD
0x00007ff81e1ee000 	/System/Library/Frameworks/MediaAccessibility.framework/Versions/A/MediaAccessibility
0x00007ff81f315000 	/System/Library/PrivateFrameworks/Mangrove.framework/Versions/A/Mangrove
0x00007ff81e1f9000 	/System/Library/PrivateFrameworks/AlgosScoreFramework.framework/Versions/A/AlgosScoreFramework
0x00007ffb0ebde000 	/System/Library/PrivateFrameworks/CMPhoto.framework/Versions/A/CMPhoto
0x00007ff81fe6d000 	/System/Library/PrivateFrameworks/AppleVPA.framework/Versions/A/AppleVPA
0x00007ff81ef5a000 	/System/Library/PrivateFrameworks/CoreAUC.framework/Versions/A/CoreAUC
0x00007ff82161b000 	/usr/lib/libcurl.4.dylib
0x00007ffb255e0000 	/usr/lib/libcrypto.46.dylib
0x00007ffb25ad5000 	/usr/lib/libssl.48.dylib
0x00007ff82133e000 	/System/Library/Frameworks/LDAP.framework/Versions/A/LDAP
0x00007ff821376000 	/System/Library/PrivateFrameworks/TrustEvaluationAgent.framework/Versions/A/TrustEvaluationAgent
0x00007ff81a9c2000 	/usr/lib/libsasl2.2.dylib
0x00007ff81e21e000 	/System/Library/PrivateFrameworks/CoreDaemon.framework/Versions/B/CoreDaemon
0x00007ff81e219000 	/System/Library/PrivateFrameworks/AppleSRP.framework/Versions/A/AppleSRP
0x00007ff81434a000 	/System/Library/PrivateFrameworks/ViewBridge.framework/Versions/A/ViewBridge
0x00007ffb25174000 	/usr/lib/libRosetta.dylib
0x000000012988c000 	/Library/Internet Plug-Ins/JavaAppletPlugin.plugin/Contents/Home/lib/libnio.dylib
0x00000001298cc000 	/Library/Internet Plug-Ins/JavaAppletPlugin.plugin/Contents/Home/lib/libnet.dylib
0x0000000129a79000 	/private/var/folders/kq/936_zt4x78994j5t3tlpm6pm0000gn/T/sqlite-3.43.0.0-9b903abf-cc47-445e-b6e4-44f8f50c31f9-libsqlitejdbc.dylib
0x00000001299f1000 	/Library/Internet Plug-Ins/JavaAppletPlugin.plugin/Contents/Home/lib/libjavafx_font.dylib
0x000000012bb3e000 	/Library/Internet Plug-Ins/JavaAppletPlugin.plugin/Contents/Home/lib/libprism_common.dylib

VM Arguments:
jvm_args: -Dfile.encoding=UTF-8 -Dstdout.encoding=UTF-8 -Dstderr.encoding=UTF-8 
java_command: application.Main
java_class_path (initial): /Users/giangta/2023/Fall 2023/CS151/Java and jars files/DevMate/team-80-03/bin:/Users/giangta/.p2/pool/plugins/org.eclipse.fx.ide.css.jfx8_3.8.0.202204150904.jar:/Users/giangta/2023/Fall 2023/CS151/Java and jars files/DevMate/team-80-03/lib/fontawesomefx-8.2.jar:/Users/giangta/2023/Fall 2023/CS151/Java and jars files/DevMate/team-80-03/lib/sqlite-jdbc-3.43.0.0.jar
Launcher Type: SUN_STANDARD

Environment Variables:
PATH=/usr/bin:/bin:/usr/sbin:/sbin
SHELL=/bin/zsh

Signal Handlers:
SIGSEGV: [libjvm.dylib+0x5b719d], sa_mask[0]=11111111111111111111111111111111, sa_flags=SA_ONSTACK|SA_RESTART|SA_SIGINFO
SIGBUS: [libjvm.dylib+0x5b719d], sa_mask[0]=11111111111111111111111111111111, sa_flags=SA_RESTART|SA_SIGINFO
SIGFPE: [libjvm.dylib+0x48c8fc], sa_mask[0]=11111111111111111111111111111111, sa_flags=SA_RESTART|SA_SIGINFO
SIGPIPE: [libjvm.dylib+0x48c8fc], sa_mask[0]=11111111111111111111111111111111, sa_flags=SA_RESTART|SA_SIGINFO
SIGXFSZ: [libjvm.dylib+0x48c8fc], sa_mask[0]=11111111111111111111111111111111, sa_flags=SA_RESTART|SA_SIGINFO
SIGILL: [libjvm.dylib+0x48c8fc], sa_mask[0]=11111111111111111111111111111111, sa_flags=SA_RESTART|SA_SIGINFO
SIGUSR1: SIG_DFL, sa_mask[0]=00000000000000000000000000000000, sa_flags=none
SIGUSR2: [libjvm.dylib+0x48c41a], sa_mask[0]=00100000000000000000000000000000, sa_flags=SA_RESTART|SA_SIGINFO
SIGHUP: [libjvm.dylib+0x48a9a5], sa_mask[0]=11111111111111111111111111111111, sa_flags=SA_RESTART|SA_SIGINFO
SIGINT: [libjvm.dylib+0x48a9a5], sa_mask[0]=11111111111111111111111111111111, sa_flags=SA_RESTART|SA_SIGINFO
SIGTERM: [libjvm.dylib+0x48a9a5], sa_mask[0]=11111111111111111111111111111111, sa_flags=SA_RESTART|SA_SIGINFO
SIGQUIT: [libjvm.dylib+0x48a9a5], sa_mask[0]=11111111111111111111111111111111, sa_flags=SA_RESTART|SA_SIGINFO


---------------  S Y S T E M  ---------------

OS:Bsduname:Darwin 21.6.0 Darwin Kernel Version 21.6.0: Thu Sep 29 20:13:46 PDT 2022; root:xnu-8020.240.7~1/RELEASE_ARM64_T8101 x86_64
rlimit: STACK 8176k, CORE 0k, NPROC 2666, NOFILE 10240, AS infinity
load average:1.63 1.74 1.75

CPU:total 8 (initial active 8) (1 cores per cpu, 1 threads per core) family 6 model 44 stepping 0, cmov, cx8, fxsr, mmx, sse, sse2, sse3, ssse3, sse4.1, sse4.2, popcnt, aes, clmul, tsc, tscinvbit, tscinv

Memory: 4k page, physical 16777216k(17644k free)

/proc/meminfo:


vm_info: Java HotSpot(TM) 64-Bit Server VM (25.202-b08) for bsd-amd64 JRE (1.8.0_202-b08), built on Dec 15 2018 20:16:16 by "java_re" with gcc 4.2.1 (Based on Apple Inc. build 5658) (LLVM build 2336.11.00)

time: Fri Oct 13 07:48:32 2023
timezone: PDT
elapsed time: 7 seconds (0d 0h 0m 7s)

